[2025-05-14 14:55:39,776 14 root - INFO - DATA INGESTION STAGE started]
[2025-05-14 14:55:39,777 18 root - INFO - INITIATED DATA INGESTION COMPONENT]
[2025-05-14 14:55:45,740 58 root - INFO - Performed train test split on the dataframe]
[2025-05-14 14:55:45,740 59 root - INFO - Exited split_data_as_Train_test method of Data_Ingestion class]
[2025-05-14 14:55:45,740 62 root - INFO - Exporting train and test file path]
[2025-05-14 14:55:45,778 69 root - INFO - Exported train and test file path]
[2025-05-14 14:55:45,778 21 root - INFO - DATA INGESTION STAGE completed]
[2025-05-14 14:55:45,797 26 root - INFO - Initiate the data validation]
[2025-05-14 14:56:30,990 14 root - INFO - DATA INGESTION STAGE started]
[2025-05-14 14:56:30,990 18 root - INFO - INITIATED DATA INGESTION COMPONENT]
[2025-05-14 14:56:36,743 58 root - INFO - Performed train test split on the dataframe]
[2025-05-14 14:56:36,743 59 root - INFO - Exited split_data_as_Train_test method of Data_Ingestion class]
[2025-05-14 14:56:36,743 62 root - INFO - Exporting train and test file path]
[2025-05-14 14:56:36,783 69 root - INFO - Exported train and test file path]
[2025-05-14 14:56:36,783 21 root - INFO - DATA INGESTION STAGE completed]
[2025-05-14 14:56:36,790 26 root - INFO - Initiate the data validation]
[2025-05-14 14:56:36,879 36 root - INFO - Required number of columns 2]
[2025-05-14 14:56:36,879 37 root - INFO - Data frame has columns: 31]
[2025-05-14 15:01:41,990 14 root - INFO - DATA INGESTION STAGE started]
[2025-05-14 15:01:41,990 18 root - INFO - INITIATED DATA INGESTION COMPONENT]
[2025-05-14 15:01:48,338 58 root - INFO - Performed train test split on the dataframe]
[2025-05-14 15:01:48,338 59 root - INFO - Exited split_data_as_Train_test method of Data_Ingestion class]
[2025-05-14 15:01:48,339 62 root - INFO - Exporting train and test file path]
[2025-05-14 15:01:48,377 69 root - INFO - Exported train and test file path]
[2025-05-14 15:01:48,377 21 root - INFO - DATA INGESTION STAGE completed]
[2025-05-14 15:01:48,382 26 root - INFO - Initiate the data validation]
[2025-05-14 15:01:48,467 36 root - INFO - Required number of columns 2]
[2025-05-14 15:01:48,467 37 root - INFO - Data frame has columns: 31]
[2025-05-14 15:01:48,467 36 root - INFO - Required number of columns 2]
[2025-05-14 15:01:48,467 37 root - INFO - Data frame has columns: 31]
[2025-05-14 15:02:11,517 14 root - INFO - DATA INGESTION STAGE started]
[2025-05-14 15:02:11,517 18 root - INFO - INITIATED DATA INGESTION COMPONENT]
[2025-05-14 15:02:17,302 58 root - INFO - Performed train test split on the dataframe]
[2025-05-14 15:02:17,302 59 root - INFO - Exited split_data_as_Train_test method of Data_Ingestion class]
[2025-05-14 15:02:17,302 62 root - INFO - Exporting train and test file path]
[2025-05-14 15:02:17,341 69 root - INFO - Exported train and test file path]
[2025-05-14 15:02:17,342 21 root - INFO - DATA INGESTION STAGE completed]
[2025-05-14 15:02:17,347 26 root - INFO - Initiate the data validation]
[2025-05-14 15:02:17,420 36 root - INFO - Required number of columns 2]
[2025-05-14 15:02:17,420 37 root - INFO - Data frame has columns: 31]
[2025-05-14 15:02:17,420 36 root - INFO - Required number of columns 2]
[2025-05-14 15:02:17,420 37 root - INFO - Data frame has columns: 31]
[2025-05-14 15:03:07,971 14 root - INFO - DATA INGESTION STAGE started]
[2025-05-14 15:03:07,971 18 root - INFO - INITIATED DATA INGESTION COMPONENT]
[2025-05-14 15:03:14,105 58 root - INFO - Performed train test split on the dataframe]
[2025-05-14 15:03:14,105 59 root - INFO - Exited split_data_as_Train_test method of Data_Ingestion class]
[2025-05-14 15:03:14,105 62 root - INFO - Exporting train and test file path]
[2025-05-14 15:03:14,150 69 root - INFO - Exported train and test file path]
[2025-05-14 15:03:14,151 21 root - INFO - DATA INGESTION STAGE completed]
[2025-05-14 15:03:14,158 26 root - INFO - Initiate the data validation]
[2025-05-14 15:03:14,238 36 root - INFO - Required number of columns 2]
[2025-05-14 15:03:14,238 37 root - INFO - Data frame has columns: 31]
[2025-05-14 15:03:14,238 36 root - INFO - Required number of columns 2]
[2025-05-14 15:03:14,238 37 root - INFO - Data frame has columns: 31]
[2025-05-14 15:03:14,342 28 root - INFO - Data validation completed]
[2025-05-14 15:05:03,794 14 root - INFO - DATA INGESTION STAGE started]
[2025-05-14 15:05:03,794 18 root - INFO - INITIATED DATA INGESTION COMPONENT]
[2025-05-14 15:05:09,803 58 root - INFO - Performed train test split on the dataframe]
[2025-05-14 15:05:09,803 59 root - INFO - Exited split_data_as_Train_test method of Data_Ingestion class]
[2025-05-14 15:05:09,803 62 root - INFO - Exporting train and test file path]
[2025-05-14 15:05:09,841 69 root - INFO - Exported train and test file path]
[2025-05-14 15:05:09,842 21 root - INFO - DATA INGESTION STAGE completed]
[2025-05-14 15:05:09,848 26 root - INFO - Initiate the data validation]
[2025-05-14 15:05:09,943 36 root - INFO - Required number of columns 2]
[2025-05-14 15:05:09,943 37 root - INFO - Data frame has columns: 31]
[2025-05-14 15:05:09,943 36 root - INFO - Required number of columns 2]
[2025-05-14 15:05:09,943 37 root - INFO - Data frame has columns: 31]
[2025-05-14 15:05:10,056 28 root - INFO - Data validation completed]
