[2025-05-19 08:53:06,930 20 root - INFO - <===========================DATA INGESTION STAGE STARTED===========================>]
[2025-05-19 08:53:06,931 24 root - INFO - INITIATED DATA INGESTION COMPONENT]
[2025-05-19 08:53:08,801 58 root - INFO - Performed train test split on the dataframe]
[2025-05-19 08:53:08,802 59 root - INFO - Exited split_data_as_Train_test method of Data_Ingestion class]
[2025-05-19 08:53:08,802 62 root - INFO - Exporting train and test file path]
[2025-05-19 08:53:08,851 69 root - INFO - Exported train and test file path]
[2025-05-19 08:53:08,852 27 root - INFO - <===========================DATA INGESTION STAGE COMPLETED===========================>]
[2025-05-19 08:53:08,852 30 root - INFO - <===========================DATA VALIDATION STAGE STARTED===========================>]
[2025-05-19 08:53:08,872 33 root - INFO - INITIATE DATA VALIDATION]
[2025-05-19 08:53:08,942 36 root - INFO - Required number of columns 2]
[2025-05-19 08:53:08,943 37 root - INFO - Data frame has columns: 31]
[2025-05-19 08:53:08,944 36 root - INFO - Required number of columns 2]
[2025-05-19 08:53:08,944 37 root - INFO - Data frame has columns: 31]
[2025-05-19 08:53:09,066 36 root - INFO - <===========================DATA VALIDATION STAGE COMPLETED===========================>]
[2025-05-19 08:53:09,066 39 root - INFO - <===========================DATA TRANSFORMATION STAGE STARTED===========================>]
[2025-05-19 08:53:09,066 42 root - INFO - INITIATE DATA TRANFORMATION]
[2025-05-19 08:53:09,066 64 root - INFO - Entered initiate_date_transformation method of DataTransformation class]
[2025-05-19 08:53:09,066 66 root - INFO - Starting data transformation]
[2025-05-19 08:53:09,084 51 root - INFO - Entered get_data_tranformer_object method of Transformation calass]
[2025-05-19 08:53:09,085 56 root - INFO - Initialise KNNImputer with {'missing_values': nan, 'n_neighbors': 3, 'weights': 'uniform'}]
[2025-05-19 08:53:09,093 55 root - INFO - Enter the save_object method of MainUtils class]
[2025-05-19 08:53:09,096 59 root - INFO - Exited the save_object method of MainUtils class]
[2025-05-19 08:53:09,096 45 root - INFO - <===========================DATA TRANSFORMATION STAGE COMPLETED===========================>]
[2025-05-19 08:53:09,096 48 root - INFO - <===========================MODEL TRAINER STAGE STARTED===========================>]
[2025-05-19 08:53:59,049 20 root - INFO - <===========================DATA INGESTION STAGE STARTED===========================>]
[2025-05-19 08:53:59,049 24 root - INFO - INITIATED DATA INGESTION COMPONENT]
[2025-05-19 08:54:00,928 58 root - INFO - Performed train test split on the dataframe]
[2025-05-19 08:54:00,928 59 root - INFO - Exited split_data_as_Train_test method of Data_Ingestion class]
[2025-05-19 08:54:00,928 62 root - INFO - Exporting train and test file path]
[2025-05-19 08:54:00,977 69 root - INFO - Exported train and test file path]
[2025-05-19 08:54:00,977 27 root - INFO - <===========================DATA INGESTION STAGE COMPLETED===========================>]
[2025-05-19 08:54:00,977 30 root - INFO - <===========================DATA VALIDATION STAGE STARTED===========================>]
[2025-05-19 08:54:00,982 33 root - INFO - INITIATE DATA VALIDATION]
[2025-05-19 08:54:01,070 36 root - INFO - Required number of columns 2]
[2025-05-19 08:54:01,070 37 root - INFO - Data frame has columns: 31]
[2025-05-19 08:54:01,071 36 root - INFO - Required number of columns 2]
[2025-05-19 08:54:01,071 37 root - INFO - Data frame has columns: 31]
[2025-05-19 08:54:01,184 36 root - INFO - <===========================DATA VALIDATION STAGE COMPLETED===========================>]
[2025-05-19 08:54:01,184 39 root - INFO - <===========================DATA TRANSFORMATION STAGE STARTED===========================>]
[2025-05-19 08:54:01,184 42 root - INFO - INITIATE DATA TRANFORMATION]
[2025-05-19 08:54:01,185 64 root - INFO - Entered initiate_date_transformation method of DataTransformation class]
[2025-05-19 08:54:01,185 66 root - INFO - Starting data transformation]
[2025-05-19 08:54:01,203 51 root - INFO - Entered get_data_tranformer_object method of Transformation calass]
[2025-05-19 08:54:01,203 56 root - INFO - Initialise KNNImputer with {'missing_values': nan, 'n_neighbors': 3, 'weights': 'uniform'}]
[2025-05-19 08:54:01,218 55 root - INFO - Enter the save_object method of MainUtils class]
[2025-05-19 08:54:01,220 59 root - INFO - Exited the save_object method of MainUtils class]
[2025-05-19 08:54:01,222 45 root - INFO - <===========================DATA TRANSFORMATION STAGE COMPLETED===========================>]
[2025-05-19 08:54:01,222 48 root - INFO - <===========================MODEL TRAINER STAGE STARTED===========================>]
[2025-05-19 08:55:11,107 20 root - INFO - <===========================DATA INGESTION STAGE STARTED===========================>]
[2025-05-19 08:55:11,107 24 root - INFO - INITIATED DATA INGESTION COMPONENT]
[2025-05-19 08:55:12,942 58 root - INFO - Performed train test split on the dataframe]
[2025-05-19 08:55:12,943 59 root - INFO - Exited split_data_as_Train_test method of Data_Ingestion class]
[2025-05-19 08:55:12,943 62 root - INFO - Exporting train and test file path]
[2025-05-19 08:55:12,984 69 root - INFO - Exported train and test file path]
[2025-05-19 08:55:12,984 27 root - INFO - <===========================DATA INGESTION STAGE COMPLETED===========================>]
[2025-05-19 08:55:12,985 30 root - INFO - <===========================DATA VALIDATION STAGE STARTED===========================>]
[2025-05-19 08:55:12,989 33 root - INFO - INITIATE DATA VALIDATION]
[2025-05-19 08:55:13,070 36 root - INFO - Required number of columns 2]
[2025-05-19 08:55:13,072 37 root - INFO - Data frame has columns: 31]
[2025-05-19 08:55:13,072 36 root - INFO - Required number of columns 2]
[2025-05-19 08:55:13,072 37 root - INFO - Data frame has columns: 31]
[2025-05-19 08:55:13,173 36 root - INFO - <===========================DATA VALIDATION STAGE COMPLETED===========================>]
[2025-05-19 08:55:13,173 39 root - INFO - <===========================DATA TRANSFORMATION STAGE STARTED===========================>]
[2025-05-19 08:55:13,173 42 root - INFO - INITIATE DATA TRANFORMATION]
[2025-05-19 08:55:13,173 64 root - INFO - Entered initiate_date_transformation method of DataTransformation class]
[2025-05-19 08:55:13,173 66 root - INFO - Starting data transformation]
[2025-05-19 08:55:13,192 51 root - INFO - Entered get_data_tranformer_object method of Transformation calass]
[2025-05-19 08:55:13,192 56 root - INFO - Initialise KNNImputer with {'missing_values': nan, 'n_neighbors': 3, 'weights': 'uniform'}]
[2025-05-19 08:55:13,202 55 root - INFO - Enter the save_object method of MainUtils class]
[2025-05-19 08:55:13,204 59 root - INFO - Exited the save_object method of MainUtils class]
[2025-05-19 08:55:13,204 45 root - INFO - <===========================DATA TRANSFORMATION STAGE COMPLETED===========================>]
[2025-05-19 08:55:13,204 48 root - INFO - <===========================MODEL TRAINER STAGE STARTED===========================>]
[2025-05-19 09:03:42,906 20 root - INFO - <===========================DATA INGESTION STAGE STARTED===========================>]
[2025-05-19 09:03:42,907 24 root - INFO - INITIATED DATA INGESTION COMPONENT]
[2025-05-19 09:03:44,621 58 root - INFO - Performed train test split on the dataframe]
[2025-05-19 09:03:44,621 59 root - INFO - Exited split_data_as_Train_test method of Data_Ingestion class]
[2025-05-19 09:03:44,622 62 root - INFO - Exporting train and test file path]
[2025-05-19 09:03:44,665 69 root - INFO - Exported train and test file path]
[2025-05-19 09:03:44,665 27 root - INFO - <===========================DATA INGESTION STAGE COMPLETED===========================>]
[2025-05-19 09:03:44,666 30 root - INFO - <===========================DATA VALIDATION STAGE STARTED===========================>]
[2025-05-19 09:03:44,671 33 root - INFO - INITIATE DATA VALIDATION]
[2025-05-19 09:03:44,757 36 root - INFO - Required number of columns 2]
[2025-05-19 09:03:44,759 37 root - INFO - Data frame has columns: 31]
[2025-05-19 09:03:44,760 36 root - INFO - Required number of columns 2]
[2025-05-19 09:03:44,760 37 root - INFO - Data frame has columns: 31]
[2025-05-19 09:03:44,850 36 root - INFO - <===========================DATA VALIDATION STAGE COMPLETED===========================>]
[2025-05-19 09:03:44,850 39 root - INFO - <===========================DATA TRANSFORMATION STAGE STARTED===========================>]
[2025-05-19 09:03:44,850 42 root - INFO - INITIATE DATA TRANFORMATION]
[2025-05-19 09:03:44,851 64 root - INFO - Entered initiate_date_transformation method of DataTransformation class]
[2025-05-19 09:03:44,851 66 root - INFO - Starting data transformation]
[2025-05-19 09:03:44,867 51 root - INFO - Entered get_data_tranformer_object method of Transformation calass]
[2025-05-19 09:03:44,867 56 root - INFO - Initialise KNNImputer with {'missing_values': nan, 'n_neighbors': 3, 'weights': 'uniform'}]
[2025-05-19 09:03:44,883 55 root - INFO - Enter the save_object method of MainUtils class]
[2025-05-19 09:03:44,885 59 root - INFO - Exited the save_object method of MainUtils class]
[2025-05-19 09:03:44,885 45 root - INFO - <===========================DATA TRANSFORMATION STAGE COMPLETED===========================>]
[2025-05-19 09:03:44,885 48 root - INFO - <===========================MODEL TRAINER STAGE STARTED===========================>]
[2025-05-19 09:06:37,831 20 root - INFO - <===========================DATA INGESTION STAGE STARTED===========================>]
[2025-05-19 09:06:37,832 24 root - INFO - INITIATED DATA INGESTION COMPONENT]
[2025-05-19 09:06:39,505 58 root - INFO - Performed train test split on the dataframe]
[2025-05-19 09:06:39,506 59 root - INFO - Exited split_data_as_Train_test method of Data_Ingestion class]
[2025-05-19 09:06:39,506 62 root - INFO - Exporting train and test file path]
[2025-05-19 09:06:39,539 69 root - INFO - Exported train and test file path]
[2025-05-19 09:06:39,540 27 root - INFO - <===========================DATA INGESTION STAGE COMPLETED===========================>]
[2025-05-19 09:06:39,540 30 root - INFO - <===========================DATA VALIDATION STAGE STARTED===========================>]
[2025-05-19 09:06:39,544 33 root - INFO - INITIATE DATA VALIDATION]
[2025-05-19 09:06:39,605 36 root - INFO - Required number of columns 2]
[2025-05-19 09:06:39,605 37 root - INFO - Data frame has columns: 31]
[2025-05-19 09:06:39,606 36 root - INFO - Required number of columns 2]
[2025-05-19 09:06:39,606 37 root - INFO - Data frame has columns: 31]
[2025-05-19 09:06:39,690 36 root - INFO - <===========================DATA VALIDATION STAGE COMPLETED===========================>]
[2025-05-19 09:06:39,691 39 root - INFO - <===========================DATA TRANSFORMATION STAGE STARTED===========================>]
[2025-05-19 09:06:39,691 42 root - INFO - INITIATE DATA TRANFORMATION]
[2025-05-19 09:06:39,691 64 root - INFO - Entered initiate_date_transformation method of DataTransformation class]
[2025-05-19 09:06:39,691 66 root - INFO - Starting data transformation]
[2025-05-19 09:06:39,706 51 root - INFO - Entered get_data_tranformer_object method of Transformation calass]
[2025-05-19 09:06:39,706 56 root - INFO - Initialise KNNImputer with {'missing_values': nan, 'n_neighbors': 3, 'weights': 'uniform'}]
[2025-05-19 09:06:39,720 55 root - INFO - Enter the save_object method of MainUtils class]
[2025-05-19 09:06:39,721 59 root - INFO - Exited the save_object method of MainUtils class]
[2025-05-19 09:06:39,722 45 root - INFO - <===========================DATA TRANSFORMATION STAGE COMPLETED===========================>]
[2025-05-19 09:06:39,722 48 root - INFO - <===========================MODEL TRAINER STAGE STARTED===========================>]
[2025-05-19 09:09:14,608 55 root - INFO - Enter the save_object method of MainUtils class]
[2025-05-19 09:09:14,612 59 root - INFO - Exited the save_object method of MainUtils class]
[2025-05-19 09:09:14,612 116 root - INFO - Model trainer artifact: ModelTrainerArtifact(trained_model_file_path='Artifacts\\05_19_2025_09_06_36\\model_trainer\\trained_model\\model.pkl', train_metric_artifact=ClassificationMetricArtifact(f1_score=0.990304988891133, precision_score=0.9873137333870318, recall_score=0.9933144246353323), test_metric_artifact=ClassificationMetricArtifact(f1_score=0.9808553971486762, precision_score=0.9756888168557536, recall_score=0.9860769860769861))]
[2025-05-19 09:09:14,613 52 root - INFO - model trainer artifact created]
[2025-05-19 09:09:14,614 53 root - INFO - <===========================MODEL TRAINER STAGE COMPLETED===========================>]
[2025-05-19 09:15:02,288 20 root - INFO - <===========================DATA INGESTION STAGE STARTED===========================>]
[2025-05-19 09:15:02,288 24 root - INFO - INITIATED DATA INGESTION COMPONENT]
[2025-05-19 09:15:03,970 58 root - INFO - Performed train test split on the dataframe]
[2025-05-19 09:15:03,970 59 root - INFO - Exited split_data_as_Train_test method of Data_Ingestion class]
[2025-05-19 09:15:03,970 62 root - INFO - Exporting train and test file path]
[2025-05-19 09:15:04,005 69 root - INFO - Exported train and test file path]
[2025-05-19 09:15:04,006 27 root - INFO - <===========================DATA INGESTION STAGE COMPLETED===========================>]
[2025-05-19 09:15:04,006 30 root - INFO - <===========================DATA VALIDATION STAGE STARTED===========================>]
[2025-05-19 09:15:04,010 33 root - INFO - INITIATE DATA VALIDATION]
[2025-05-19 09:15:04,078 36 root - INFO - Required number of columns 2]
[2025-05-19 09:15:04,079 37 root - INFO - Data frame has columns: 31]
[2025-05-19 09:15:04,079 36 root - INFO - Required number of columns 2]
[2025-05-19 09:15:04,079 37 root - INFO - Data frame has columns: 31]
[2025-05-19 09:15:04,169 36 root - INFO - <===========================DATA VALIDATION STAGE COMPLETED===========================>]
[2025-05-19 09:15:04,170 39 root - INFO - <===========================DATA TRANSFORMATION STAGE STARTED===========================>]
[2025-05-19 09:15:04,170 42 root - INFO - INITIATE DATA TRANFORMATION]
[2025-05-19 09:15:04,170 64 root - INFO - Entered initiate_date_transformation method of DataTransformation class]
[2025-05-19 09:15:04,170 66 root - INFO - Starting data transformation]
[2025-05-19 09:15:04,182 51 root - INFO - Entered get_data_tranformer_object method of Transformation calass]
[2025-05-19 09:15:04,183 56 root - INFO - Initialise KNNImputer with {'missing_values': nan, 'n_neighbors': 3, 'weights': 'uniform'}]
[2025-05-19 09:15:04,189 55 root - INFO - Enter the save_object method of MainUtils class]
[2025-05-19 09:15:04,190 59 root - INFO - Exited the save_object method of MainUtils class]
[2025-05-19 09:15:04,193 45 root - INFO - <===========================DATA TRANSFORMATION STAGE COMPLETED===========================>]
[2025-05-19 09:15:04,193 48 root - INFO - <===========================MODEL TRAINER STAGE STARTED===========================>]
[2025-05-19 09:17:05,054 55 root - INFO - Enter the save_object method of MainUtils class]
[2025-05-19 09:17:05,086 59 root - INFO - Exited the save_object method of MainUtils class]
[2025-05-19 09:17:05,088 119 root - INFO - Model trainer artifact: ModelTrainerArtifact(trained_model_file_path='Artifacts\\05_19_2025_09_15_00\\model_trainer\\trained_model\\model.pkl', train_metric_artifact=ClassificationMetricArtifact(f1_score=0.9908777620109467, precision_score=0.9880735799474429, recall_score=0.9936979060784712), test_metric_artifact=ClassificationMetricArtifact(f1_score=0.9727782225780625, precision_score=0.9642857142857143, recall_score=0.981421647819063))]
[2025-05-19 09:17:05,093 52 root - INFO - model trainer artifact created]
[2025-05-19 09:17:05,093 53 root - INFO - <===========================MODEL TRAINER STAGE COMPLETED===========================>]
