[2025-05-17 20:43:36,433 18 root - INFO - <===========================DATA INGESTION STAGE STARTED===========================>]
[2025-05-17 20:43:36,433 22 root - INFO - INITIATED DATA INGESTION COMPONENT]
[2025-05-17 20:43:38,362 58 root - INFO - Performed train test split on the dataframe]
[2025-05-17 20:43:38,363 59 root - INFO - Exited split_data_as_Train_test method of Data_Ingestion class]
[2025-05-17 20:43:38,363 62 root - INFO - Exporting train and test file path]
[2025-05-17 20:43:38,409 69 root - INFO - Exported train and test file path]
[2025-05-17 20:43:38,409 25 root - INFO - <===========================DATA INGESTION STAGE COMPLETED===========================>]
[2025-05-17 20:43:38,409 28 root - INFO - <===========================DATA VALIDATION STAGE STARTED===========================>]
[2025-05-17 20:43:38,414 31 root - INFO - INITIATE DATA VALIDATION]
[2025-05-17 20:43:38,475 36 root - INFO - Required number of columns 2]
[2025-05-17 20:43:38,475 37 root - INFO - Data frame has columns: 31]
[2025-05-17 20:43:38,475 36 root - INFO - Required number of columns 2]
[2025-05-17 20:43:38,475 37 root - INFO - Data frame has columns: 31]
[2025-05-17 20:43:38,569 34 root - INFO - <===========================DATA VALIDATION STAGE COMPLETED===========================>]
[2025-05-17 20:43:38,569 37 root - INFO - <===========================DATA TRANSFORMATION STAGE STARTED===========================>]
[2025-05-17 20:43:38,569 40 root - INFO - INITIATE DATA TRANFORMATION]
[2025-05-17 20:43:38,570 64 root - INFO - Entered initiate_date_transformation method of DataTransformation class]
[2025-05-17 20:43:38,570 66 root - INFO - Starting data transformation]
[2025-05-17 20:43:38,584 51 root - INFO - Entered get_data_tranformer_object method of Transformation calass]
[2025-05-17 20:43:38,584 56 root - INFO - Initialise KNNImputer with {'missing_values': nan, 'n_neighbors': 3, 'weights': 'uniform'}]
[2025-05-17 20:43:38,592 46 root - INFO - Enter the save_object method of MainUtils class]
[2025-05-17 20:43:38,594 50 root - INFO - Exited the save_object method of MainUtils class]
[2025-05-17 20:43:38,595 43 root - INFO - <===========================DATA TRANSFORMATION STAGE COMPLETED===========================>]
[2025-05-17 20:43:56,161 18 root - INFO - <===========================DATA INGESTION STAGE STARTED===========================>]
[2025-05-17 20:43:56,161 22 root - INFO - INITIATED DATA INGESTION COMPONENT]
[2025-05-17 20:43:57,915 58 root - INFO - Performed train test split on the dataframe]
[2025-05-17 20:43:57,915 59 root - INFO - Exited split_data_as_Train_test method of Data_Ingestion class]
[2025-05-17 20:43:57,916 62 root - INFO - Exporting train and test file path]
[2025-05-17 20:43:57,955 69 root - INFO - Exported train and test file path]
[2025-05-17 20:43:57,955 25 root - INFO - <===========================DATA INGESTION STAGE COMPLETED===========================>]
[2025-05-17 20:43:57,955 28 root - INFO - <===========================DATA VALIDATION STAGE STARTED===========================>]
[2025-05-17 20:43:57,961 31 root - INFO - INITIATE DATA VALIDATION]
[2025-05-17 20:43:58,066 36 root - INFO - Required number of columns 2]
[2025-05-17 20:43:58,067 37 root - INFO - Data frame has columns: 31]
[2025-05-17 20:43:58,067 36 root - INFO - Required number of columns 2]
[2025-05-17 20:43:58,067 37 root - INFO - Data frame has columns: 31]
[2025-05-17 20:43:58,169 34 root - INFO - <===========================DATA VALIDATION STAGE COMPLETED===========================>]
[2025-05-17 20:43:58,170 37 root - INFO - <===========================DATA TRANSFORMATION STAGE STARTED===========================>]
[2025-05-17 20:43:58,170 40 root - INFO - INITIATE DATA TRANFORMATION]
[2025-05-17 20:43:58,170 64 root - INFO - Entered initiate_date_transformation method of DataTransformation class]
[2025-05-17 20:43:58,170 66 root - INFO - Starting data transformation]
[2025-05-17 20:43:58,186 51 root - INFO - Entered get_data_tranformer_object method of Transformation calass]
[2025-05-17 20:43:58,186 56 root - INFO - Initialise KNNImputer with {'missing_values': nan, 'n_neighbors': 3, 'weights': 'uniform'}]
[2025-05-17 20:43:58,193 46 root - INFO - Enter the save_object method of MainUtils class]
[2025-05-17 20:43:58,195 50 root - INFO - Exited the save_object method of MainUtils class]
[2025-05-17 20:43:58,196 43 root - INFO - <===========================DATA TRANSFORMATION STAGE COMPLETED===========================>]
[2025-05-17 20:44:07,239 18 root - INFO - <===========================DATA INGESTION STAGE STARTED===========================>]
[2025-05-17 20:44:07,240 22 root - INFO - INITIATED DATA INGESTION COMPONENT]
[2025-05-17 20:44:09,116 58 root - INFO - Performed train test split on the dataframe]
[2025-05-17 20:44:09,116 59 root - INFO - Exited split_data_as_Train_test method of Data_Ingestion class]
[2025-05-17 20:44:09,116 62 root - INFO - Exporting train and test file path]
[2025-05-17 20:44:09,156 69 root - INFO - Exported train and test file path]
[2025-05-17 20:44:09,157 25 root - INFO - <===========================DATA INGESTION STAGE COMPLETED===========================>]
[2025-05-17 20:44:09,157 28 root - INFO - <===========================DATA VALIDATION STAGE STARTED===========================>]
[2025-05-17 20:44:09,162 31 root - INFO - INITIATE DATA VALIDATION]
[2025-05-17 20:44:09,282 36 root - INFO - Required number of columns 2]
[2025-05-17 20:44:09,282 37 root - INFO - Data frame has columns: 31]
[2025-05-17 20:44:09,282 36 root - INFO - Required number of columns 2]
[2025-05-17 20:44:09,282 37 root - INFO - Data frame has columns: 31]
[2025-05-17 20:44:09,386 34 root - INFO - <===========================DATA VALIDATION STAGE COMPLETED===========================>]
[2025-05-17 20:44:09,386 37 root - INFO - <===========================DATA TRANSFORMATION STAGE STARTED===========================>]
[2025-05-17 20:44:09,386 40 root - INFO - INITIATE DATA TRANFORMATION]
[2025-05-17 20:44:09,387 64 root - INFO - Entered initiate_date_transformation method of DataTransformation class]
[2025-05-17 20:44:09,388 66 root - INFO - Starting data transformation]
[2025-05-17 20:44:09,402 51 root - INFO - Entered get_data_tranformer_object method of Transformation calass]
[2025-05-17 20:44:09,402 56 root - INFO - Initialise KNNImputer with {'missing_values': nan, 'n_neighbors': 3, 'weights': 'uniform'}]
[2025-05-17 20:44:09,413 46 root - INFO - Enter the save_object method of MainUtils class]
[2025-05-17 20:44:09,414 50 root - INFO - Exited the save_object method of MainUtils class]
[2025-05-17 20:44:09,415 43 root - INFO - <===========================DATA TRANSFORMATION STAGE COMPLETED===========================>]
