[2025-05-20 08:36:03,925 1025 httpx - INFO - HTTP Request: GET https://dagshub.com/api/v1/user "HTTP/1.1 200 OK"]
[2025-05-20 08:36:03,932 107 dagshub - INFO - Accessing as Immortal-Pi]
[2025-05-20 08:36:04,152 1025 httpx - INFO - HTTP Request: GET https://dagshub.com/api/v1/repos/Immortal-Pi/NetworkSecurity "HTTP/1.1 200 OK"]
[2025-05-20 08:36:04,317 1025 httpx - INFO - HTTP Request: GET https://dagshub.com/api/v1/user "HTTP/1.1 200 OK"]
[2025-05-20 08:36:04,320 107 dagshub - INFO - Initialized MLflow to track repo "Immortal-Pi/NetworkSecurity"]
[2025-05-20 08:36:04,320 107 dagshub - INFO - Repository Immortal-Pi/NetworkSecurity initialized!]
[2025-05-20 08:36:04,320 20 root - INFO - <===========================DATA INGESTION STAGE STARTED===========================>]
[2025-05-20 08:36:04,328 24 root - INFO - INITIATED DATA INGESTION COMPONENT]
[2025-05-20 08:36:06,217 58 root - INFO - Performed train test split on the dataframe]
[2025-05-20 08:36:06,217 59 root - INFO - Exited split_data_as_Train_test method of Data_Ingestion class]
[2025-05-20 08:36:06,218 62 root - INFO - Exporting train and test file path]
[2025-05-20 08:36:06,258 69 root - INFO - Exported train and test file path]
[2025-05-20 08:36:06,258 27 root - INFO - <===========================DATA INGESTION STAGE COMPLETED===========================>]
[2025-05-20 08:36:06,258 30 root - INFO - <===========================DATA VALIDATION STAGE STARTED===========================>]
[2025-05-20 08:36:06,270 33 root - INFO - INITIATE DATA VALIDATION]
[2025-05-20 08:36:06,353 36 root - INFO - Required number of columns 2]
[2025-05-20 08:36:06,353 37 root - INFO - Data frame has columns: 31]
[2025-05-20 08:36:06,354 36 root - INFO - Required number of columns 2]
[2025-05-20 08:36:06,354 37 root - INFO - Data frame has columns: 31]
[2025-05-20 08:36:06,459 36 root - INFO - <===========================DATA VALIDATION STAGE COMPLETED===========================>]
[2025-05-20 08:36:06,459 39 root - INFO - <===========================DATA TRANSFORMATION STAGE STARTED===========================>]
[2025-05-20 08:36:06,459 42 root - INFO - INITIATE DATA TRANFORMATION]
[2025-05-20 08:36:06,460 64 root - INFO - Entered initiate_date_transformation method of DataTransformation class]
[2025-05-20 08:36:06,460 66 root - INFO - Starting data transformation]
[2025-05-20 08:36:06,477 51 root - INFO - Entered get_data_tranformer_object method of Transformation calass]
[2025-05-20 08:36:06,477 56 root - INFO - Initialise KNNImputer with {'missing_values': nan, 'n_neighbors': 3, 'weights': 'uniform'}]
[2025-05-20 08:36:06,486 55 root - INFO - Enter the save_object method of MainUtils class]
[2025-05-20 08:36:06,489 59 root - INFO - Exited the save_object method of MainUtils class]
[2025-05-20 08:36:06,493 45 root - INFO - <===========================DATA TRANSFORMATION STAGE COMPLETED===========================>]
[2025-05-20 08:36:06,493 48 root - INFO - <===========================MODEL TRAINER STAGE STARTED===========================>]
[2025-05-20 08:39:08,538 55 root - INFO - Enter the save_object method of MainUtils class]
[2025-05-20 08:39:08,564 59 root - INFO - Exited the save_object method of MainUtils class]
[2025-05-20 08:39:08,564 122 root - INFO - Model trainer artifact: ModelTrainerArtifact(trained_model_file_path='Artifacts\\05_20_2025_08_35_53\\model_trainer\\trained_model\\model.pkl', train_metric_artifact=ClassificationMetricArtifact(f1_score=0.9916017403622381, precision_score=0.989699050696829, recall_score=0.9935117599351176), test_metric_artifact=ClassificationMetricArtifact(f1_score=0.9744006501422187, precision_score=0.9700647249190939, recall_score=0.9787755102040816))]
[2025-05-20 08:39:08,567 52 root - INFO - model trainer artifact created]
[2025-05-20 08:39:08,567 53 root - INFO - <===========================MODEL TRAINER STAGE COMPLETED===========================>]
[2025-05-20 08:41:09,735 1025 httpx - INFO - HTTP Request: GET https://dagshub.com/api/v1/user "HTTP/1.1 200 OK"]
[2025-05-20 08:41:09,740 107 dagshub - INFO - Accessing as Immortal-Pi]
[2025-05-20 08:41:09,946 1025 httpx - INFO - HTTP Request: GET https://dagshub.com/api/v1/repos/Immortal-Pi/NetworkSecurity "HTTP/1.1 200 OK"]
[2025-05-20 08:41:10,128 1025 httpx - INFO - HTTP Request: GET https://dagshub.com/api/v1/user "HTTP/1.1 200 OK"]
[2025-05-20 08:41:10,133 107 dagshub - INFO - Initialized MLflow to track repo "Immortal-Pi/NetworkSecurity"]
[2025-05-20 08:41:10,135 107 dagshub - INFO - Repository Immortal-Pi/NetworkSecurity initialized!]
[2025-05-20 08:41:10,136 20 root - INFO - <===========================DATA INGESTION STAGE STARTED===========================>]
[2025-05-20 08:41:10,136 24 root - INFO - INITIATED DATA INGESTION COMPONENT]
[2025-05-20 08:41:11,859 58 root - INFO - Performed train test split on the dataframe]
[2025-05-20 08:41:11,860 59 root - INFO - Exited split_data_as_Train_test method of Data_Ingestion class]
[2025-05-20 08:41:11,860 62 root - INFO - Exporting train and test file path]
[2025-05-20 08:41:11,900 69 root - INFO - Exported train and test file path]
[2025-05-20 08:41:11,901 27 root - INFO - <===========================DATA INGESTION STAGE COMPLETED===========================>]
[2025-05-20 08:41:11,901 30 root - INFO - <===========================DATA VALIDATION STAGE STARTED===========================>]
[2025-05-20 08:41:11,906 33 root - INFO - INITIATE DATA VALIDATION]
[2025-05-20 08:41:11,984 36 root - INFO - Required number of columns 2]
[2025-05-20 08:41:11,985 37 root - INFO - Data frame has columns: 31]
[2025-05-20 08:41:11,985 36 root - INFO - Required number of columns 2]
[2025-05-20 08:41:11,985 37 root - INFO - Data frame has columns: 31]
[2025-05-20 08:41:12,078 36 root - INFO - <===========================DATA VALIDATION STAGE COMPLETED===========================>]
[2025-05-20 08:41:12,078 39 root - INFO - <===========================DATA TRANSFORMATION STAGE STARTED===========================>]
[2025-05-20 08:41:12,078 42 root - INFO - INITIATE DATA TRANFORMATION]
[2025-05-20 08:41:12,078 64 root - INFO - Entered initiate_date_transformation method of DataTransformation class]
[2025-05-20 08:41:12,078 66 root - INFO - Starting data transformation]
[2025-05-20 08:41:12,096 51 root - INFO - Entered get_data_tranformer_object method of Transformation calass]
[2025-05-20 08:41:12,096 56 root - INFO - Initialise KNNImputer with {'missing_values': nan, 'n_neighbors': 3, 'weights': 'uniform'}]
[2025-05-20 08:41:12,113 55 root - INFO - Enter the save_object method of MainUtils class]
[2025-05-20 08:41:12,115 59 root - INFO - Exited the save_object method of MainUtils class]
[2025-05-20 08:41:12,116 45 root - INFO - <===========================DATA TRANSFORMATION STAGE COMPLETED===========================>]
[2025-05-20 08:41:12,117 48 root - INFO - <===========================MODEL TRAINER STAGE STARTED===========================>]
[2025-05-20 08:42:39,355 1025 httpx - INFO - HTTP Request: GET https://dagshub.com/api/v1/user "HTTP/1.1 200 OK"]
[2025-05-20 08:42:39,359 107 dagshub - INFO - Accessing as Immortal-Pi]
[2025-05-20 08:42:39,548 1025 httpx - INFO - HTTP Request: GET https://dagshub.com/api/v1/repos/Immortal-Pi/NetworkSecurity "HTTP/1.1 200 OK"]
[2025-05-20 08:42:39,660 1025 httpx - INFO - HTTP Request: GET https://dagshub.com/api/v1/user "HTTP/1.1 200 OK"]
[2025-05-20 08:42:39,662 107 dagshub - INFO - Initialized MLflow to track repo "Immortal-Pi/NetworkSecurity"]
[2025-05-20 08:42:39,663 107 dagshub - INFO - Repository Immortal-Pi/NetworkSecurity initialized!]
[2025-05-20 08:42:39,663 20 root - INFO - <===========================DATA INGESTION STAGE STARTED===========================>]
[2025-05-20 08:42:39,664 24 root - INFO - INITIATED DATA INGESTION COMPONENT]
[2025-05-20 08:42:41,435 58 root - INFO - Performed train test split on the dataframe]
[2025-05-20 08:42:41,436 59 root - INFO - Exited split_data_as_Train_test method of Data_Ingestion class]
[2025-05-20 08:42:41,436 62 root - INFO - Exporting train and test file path]
[2025-05-20 08:42:41,469 69 root - INFO - Exported train and test file path]
[2025-05-20 08:42:41,470 27 root - INFO - <===========================DATA INGESTION STAGE COMPLETED===========================>]
[2025-05-20 08:42:41,470 30 root - INFO - <===========================DATA VALIDATION STAGE STARTED===========================>]
[2025-05-20 08:42:41,474 33 root - INFO - INITIATE DATA VALIDATION]
[2025-05-20 08:42:41,542 36 root - INFO - Required number of columns 2]
[2025-05-20 08:42:41,542 37 root - INFO - Data frame has columns: 31]
[2025-05-20 08:42:41,542 36 root - INFO - Required number of columns 2]
[2025-05-20 08:42:41,542 37 root - INFO - Data frame has columns: 31]
[2025-05-20 08:42:41,632 36 root - INFO - <===========================DATA VALIDATION STAGE COMPLETED===========================>]
[2025-05-20 08:42:41,632 39 root - INFO - <===========================DATA TRANSFORMATION STAGE STARTED===========================>]
[2025-05-20 08:42:41,633 42 root - INFO - INITIATE DATA TRANFORMATION]
[2025-05-20 08:42:41,633 64 root - INFO - Entered initiate_date_transformation method of DataTransformation class]
[2025-05-20 08:42:41,633 66 root - INFO - Starting data transformation]
[2025-05-20 08:42:41,646 51 root - INFO - Entered get_data_tranformer_object method of Transformation calass]
[2025-05-20 08:42:41,647 56 root - INFO - Initialise KNNImputer with {'missing_values': nan, 'n_neighbors': 3, 'weights': 'uniform'}]
[2025-05-20 08:42:41,663 55 root - INFO - Enter the save_object method of MainUtils class]
[2025-05-20 08:42:41,666 59 root - INFO - Exited the save_object method of MainUtils class]
[2025-05-20 08:42:41,667 45 root - INFO - <===========================DATA TRANSFORMATION STAGE COMPLETED===========================>]
[2025-05-20 08:42:41,667 48 root - INFO - <===========================MODEL TRAINER STAGE STARTED===========================>]
[2025-05-20 08:49:43,126 55 root - INFO - Enter the save_object method of MainUtils class]
[2025-05-20 08:49:43,138 59 root - INFO - Exited the save_object method of MainUtils class]
[2025-05-20 08:49:43,138 122 root - INFO - Model trainer artifact: ModelTrainerArtifact(trained_model_file_path='Artifacts\\05_20_2025_08_42_37\\model_trainer\\trained_model\\model.pkl', train_metric_artifact=ClassificationMetricArtifact(f1_score=0.9908685064935064, precision_score=0.9890621835122544, recall_score=0.9926814393169343), test_metric_artifact=ClassificationMetricArtifact(f1_score=0.976706827309237, precision_score=0.9712460063897763, recall_score=0.9822294022617124))]
[2025-05-20 08:49:43,140 52 root - INFO - model trainer artifact created]
[2025-05-20 08:49:43,140 53 root - INFO - <===========================MODEL TRAINER STAGE COMPLETED===========================>]
