[2025-05-18 20:04:16,928 20 root - INFO - <===========================DATA INGESTION STAGE STARTED===========================>]
[2025-05-18 20:04:16,929 24 root - INFO - INITIATED DATA INGESTION COMPONENT]
[2025-05-18 20:04:18,901 58 root - INFO - Performed train test split on the dataframe]
[2025-05-18 20:04:18,901 59 root - INFO - Exited split_data_as_Train_test method of Data_Ingestion class]
[2025-05-18 20:04:18,901 62 root - INFO - Exporting train and test file path]
[2025-05-18 20:04:18,949 69 root - INFO - Exported train and test file path]
[2025-05-18 20:04:18,950 27 root - INFO - <===========================DATA INGESTION STAGE COMPLETED===========================>]
[2025-05-18 20:04:18,951 30 root - INFO - <===========================DATA VALIDATION STAGE STARTED===========================>]
[2025-05-18 20:04:18,966 33 root - INFO - INITIATE DATA VALIDATION]
[2025-05-18 20:04:19,055 36 root - INFO - Required number of columns 2]
[2025-05-18 20:04:19,055 37 root - INFO - Data frame has columns: 31]
[2025-05-18 20:04:19,055 36 root - INFO - Required number of columns 2]
[2025-05-18 20:04:19,055 37 root - INFO - Data frame has columns: 31]
[2025-05-18 20:04:19,176 36 root - INFO - <===========================DATA VALIDATION STAGE COMPLETED===========================>]
[2025-05-18 20:04:19,176 39 root - INFO - <===========================DATA TRANSFORMATION STAGE STARTED===========================>]
[2025-05-18 20:04:19,176 42 root - INFO - INITIATE DATA TRANFORMATION]
[2025-05-18 20:04:19,177 64 root - INFO - Entered initiate_date_transformation method of DataTransformation class]
[2025-05-18 20:04:19,177 66 root - INFO - Starting data transformation]
[2025-05-18 20:04:19,195 51 root - INFO - Entered get_data_tranformer_object method of Transformation calass]
[2025-05-18 20:04:19,197 56 root - INFO - Initialise KNNImputer with {'missing_values': nan, 'n_neighbors': 3, 'weights': 'uniform'}]
[2025-05-18 20:04:19,206 55 root - INFO - Enter the save_object method of MainUtils class]
[2025-05-18 20:04:19,210 59 root - INFO - Exited the save_object method of MainUtils class]
[2025-05-18 20:04:19,211 45 root - INFO - <===========================DATA TRANSFORMATION STAGE COMPLETED===========================>]
[2025-05-18 20:04:19,211 48 root - INFO - <===========================MODEL TRAINER STAGE STARTED===========================>]
[2025-05-18 20:05:05,801 20 root - INFO - <===========================DATA INGESTION STAGE STARTED===========================>]
[2025-05-18 20:05:05,802 24 root - INFO - INITIATED DATA INGESTION COMPONENT]
[2025-05-18 20:05:07,910 58 root - INFO - Performed train test split on the dataframe]
[2025-05-18 20:05:07,910 59 root - INFO - Exited split_data_as_Train_test method of Data_Ingestion class]
[2025-05-18 20:05:07,910 62 root - INFO - Exporting train and test file path]
[2025-05-18 20:05:07,964 69 root - INFO - Exported train and test file path]
[2025-05-18 20:05:07,964 27 root - INFO - <===========================DATA INGESTION STAGE COMPLETED===========================>]
[2025-05-18 20:05:07,964 30 root - INFO - <===========================DATA VALIDATION STAGE STARTED===========================>]
[2025-05-18 20:05:07,971 33 root - INFO - INITIATE DATA VALIDATION]
[2025-05-18 20:05:08,066 36 root - INFO - Required number of columns 2]
[2025-05-18 20:05:08,066 37 root - INFO - Data frame has columns: 31]
[2025-05-18 20:05:08,068 36 root - INFO - Required number of columns 2]
[2025-05-18 20:05:08,068 37 root - INFO - Data frame has columns: 31]
[2025-05-18 20:05:08,217 36 root - INFO - <===========================DATA VALIDATION STAGE COMPLETED===========================>]
[2025-05-18 20:05:08,217 39 root - INFO - <===========================DATA TRANSFORMATION STAGE STARTED===========================>]
[2025-05-18 20:05:08,218 42 root - INFO - INITIATE DATA TRANFORMATION]
[2025-05-18 20:05:08,218 64 root - INFO - Entered initiate_date_transformation method of DataTransformation class]
[2025-05-18 20:05:08,218 66 root - INFO - Starting data transformation]
[2025-05-18 20:05:08,240 51 root - INFO - Entered get_data_tranformer_object method of Transformation calass]
[2025-05-18 20:05:08,240 56 root - INFO - Initialise KNNImputer with {'missing_values': nan, 'n_neighbors': 3, 'weights': 'uniform'}]
[2025-05-18 20:05:08,250 55 root - INFO - Enter the save_object method of MainUtils class]
[2025-05-18 20:05:08,253 59 root - INFO - Exited the save_object method of MainUtils class]
[2025-05-18 20:05:08,256 45 root - INFO - <===========================DATA TRANSFORMATION STAGE COMPLETED===========================>]
[2025-05-18 20:05:08,256 48 root - INFO - <===========================MODEL TRAINER STAGE STARTED===========================>]
[2025-05-18 20:06:49,751 20 root - INFO - <===========================DATA INGESTION STAGE STARTED===========================>]
[2025-05-18 20:06:49,752 24 root - INFO - INITIATED DATA INGESTION COMPONENT]
[2025-05-18 20:06:51,799 58 root - INFO - Performed train test split on the dataframe]
[2025-05-18 20:06:51,799 59 root - INFO - Exited split_data_as_Train_test method of Data_Ingestion class]
[2025-05-18 20:06:51,799 62 root - INFO - Exporting train and test file path]
[2025-05-18 20:06:51,852 69 root - INFO - Exported train and test file path]
[2025-05-18 20:06:51,855 27 root - INFO - <===========================DATA INGESTION STAGE COMPLETED===========================>]
[2025-05-18 20:06:51,855 30 root - INFO - <===========================DATA VALIDATION STAGE STARTED===========================>]
[2025-05-18 20:06:51,861 33 root - INFO - INITIATE DATA VALIDATION]
[2025-05-18 20:06:51,951 36 root - INFO - Required number of columns 2]
[2025-05-18 20:06:51,952 37 root - INFO - Data frame has columns: 31]
[2025-05-18 20:06:51,952 36 root - INFO - Required number of columns 2]
[2025-05-18 20:06:51,952 37 root - INFO - Data frame has columns: 31]
[2025-05-18 20:06:52,097 36 root - INFO - <===========================DATA VALIDATION STAGE COMPLETED===========================>]
[2025-05-18 20:06:52,097 39 root - INFO - <===========================DATA TRANSFORMATION STAGE STARTED===========================>]
[2025-05-18 20:06:52,097 42 root - INFO - INITIATE DATA TRANFORMATION]
[2025-05-18 20:06:52,097 64 root - INFO - Entered initiate_date_transformation method of DataTransformation class]
[2025-05-18 20:06:52,098 66 root - INFO - Starting data transformation]
[2025-05-18 20:06:52,114 51 root - INFO - Entered get_data_tranformer_object method of Transformation calass]
[2025-05-18 20:06:52,114 56 root - INFO - Initialise KNNImputer with {'missing_values': nan, 'n_neighbors': 3, 'weights': 'uniform'}]
[2025-05-18 20:06:52,124 55 root - INFO - Enter the save_object method of MainUtils class]
[2025-05-18 20:06:52,126 59 root - INFO - Exited the save_object method of MainUtils class]
[2025-05-18 20:06:52,127 45 root - INFO - <===========================DATA TRANSFORMATION STAGE COMPLETED===========================>]
[2025-05-18 20:06:52,127 48 root - INFO - <===========================MODEL TRAINER STAGE STARTED===========================>]
[2025-05-18 20:11:44,530 20 root - INFO - <===========================DATA INGESTION STAGE STARTED===========================>]
[2025-05-18 20:11:44,533 24 root - INFO - INITIATED DATA INGESTION COMPONENT]
[2025-05-18 20:11:46,423 58 root - INFO - Performed train test split on the dataframe]
[2025-05-18 20:11:46,423 59 root - INFO - Exited split_data_as_Train_test method of Data_Ingestion class]
[2025-05-18 20:11:46,424 62 root - INFO - Exporting train and test file path]
[2025-05-18 20:11:46,487 69 root - INFO - Exported train and test file path]
[2025-05-18 20:11:46,488 27 root - INFO - <===========================DATA INGESTION STAGE COMPLETED===========================>]
[2025-05-18 20:11:46,488 30 root - INFO - <===========================DATA VALIDATION STAGE STARTED===========================>]
[2025-05-18 20:11:46,494 33 root - INFO - INITIATE DATA VALIDATION]
[2025-05-18 20:11:46,586 36 root - INFO - Required number of columns 2]
[2025-05-18 20:11:46,586 37 root - INFO - Data frame has columns: 31]
[2025-05-18 20:11:46,587 36 root - INFO - Required number of columns 2]
[2025-05-18 20:11:46,587 37 root - INFO - Data frame has columns: 31]
[2025-05-18 20:11:46,713 36 root - INFO - <===========================DATA VALIDATION STAGE COMPLETED===========================>]
[2025-05-18 20:11:46,714 39 root - INFO - <===========================DATA TRANSFORMATION STAGE STARTED===========================>]
[2025-05-18 20:11:46,714 42 root - INFO - INITIATE DATA TRANFORMATION]
[2025-05-18 20:11:46,714 64 root - INFO - Entered initiate_date_transformation method of DataTransformation class]
[2025-05-18 20:11:46,714 66 root - INFO - Starting data transformation]
[2025-05-18 20:11:46,733 51 root - INFO - Entered get_data_tranformer_object method of Transformation calass]
[2025-05-18 20:11:46,733 56 root - INFO - Initialise KNNImputer with {'missing_values': nan, 'n_neighbors': 3, 'weights': 'uniform'}]
[2025-05-18 20:11:46,745 55 root - INFO - Enter the save_object method of MainUtils class]
[2025-05-18 20:11:46,747 59 root - INFO - Exited the save_object method of MainUtils class]
[2025-05-18 20:11:46,749 45 root - INFO - <===========================DATA TRANSFORMATION STAGE COMPLETED===========================>]
[2025-05-18 20:11:46,749 48 root - INFO - <===========================MODEL TRAINER STAGE STARTED===========================>]
[2025-05-18 20:15:58,093 20 root - INFO - <===========================DATA INGESTION STAGE STARTED===========================>]
[2025-05-18 20:15:58,093 24 root - INFO - INITIATED DATA INGESTION COMPONENT]
[2025-05-18 20:15:59,845 58 root - INFO - Performed train test split on the dataframe]
[2025-05-18 20:15:59,845 59 root - INFO - Exited split_data_as_Train_test method of Data_Ingestion class]
[2025-05-18 20:15:59,845 62 root - INFO - Exporting train and test file path]
[2025-05-18 20:15:59,904 69 root - INFO - Exported train and test file path]
[2025-05-18 20:15:59,904 27 root - INFO - <===========================DATA INGESTION STAGE COMPLETED===========================>]
[2025-05-18 20:15:59,904 30 root - INFO - <===========================DATA VALIDATION STAGE STARTED===========================>]
[2025-05-18 20:15:59,911 33 root - INFO - INITIATE DATA VALIDATION]
[2025-05-18 20:16:00,007 36 root - INFO - Required number of columns 2]
[2025-05-18 20:16:00,008 37 root - INFO - Data frame has columns: 31]
[2025-05-18 20:16:00,008 36 root - INFO - Required number of columns 2]
[2025-05-18 20:16:00,008 37 root - INFO - Data frame has columns: 31]
[2025-05-18 20:16:00,121 36 root - INFO - <===========================DATA VALIDATION STAGE COMPLETED===========================>]
[2025-05-18 20:16:00,121 39 root - INFO - <===========================DATA TRANSFORMATION STAGE STARTED===========================>]
[2025-05-18 20:16:00,121 42 root - INFO - INITIATE DATA TRANFORMATION]
[2025-05-18 20:16:00,122 64 root - INFO - Entered initiate_date_transformation method of DataTransformation class]
[2025-05-18 20:16:00,122 66 root - INFO - Starting data transformation]
[2025-05-18 20:16:00,139 51 root - INFO - Entered get_data_tranformer_object method of Transformation calass]
[2025-05-18 20:16:00,140 56 root - INFO - Initialise KNNImputer with {'missing_values': nan, 'n_neighbors': 3, 'weights': 'uniform'}]
[2025-05-18 20:16:00,151 55 root - INFO - Enter the save_object method of MainUtils class]
[2025-05-18 20:16:00,153 59 root - INFO - Exited the save_object method of MainUtils class]
[2025-05-18 20:16:00,155 45 root - INFO - <===========================DATA TRANSFORMATION STAGE COMPLETED===========================>]
[2025-05-18 20:16:00,155 48 root - INFO - <===========================MODEL TRAINER STAGE STARTED===========================>]
[2025-05-18 20:30:18,570 20 root - INFO - <===========================DATA INGESTION STAGE STARTED===========================>]
[2025-05-18 20:30:18,571 24 root - INFO - INITIATED DATA INGESTION COMPONENT]
[2025-05-18 20:30:20,825 58 root - INFO - Performed train test split on the dataframe]
[2025-05-18 20:30:20,827 59 root - INFO - Exited split_data_as_Train_test method of Data_Ingestion class]
[2025-05-18 20:30:20,829 62 root - INFO - Exporting train and test file path]
[2025-05-18 20:30:20,917 69 root - INFO - Exported train and test file path]
[2025-05-18 20:30:20,919 27 root - INFO - <===========================DATA INGESTION STAGE COMPLETED===========================>]
[2025-05-18 20:30:20,919 30 root - INFO - <===========================DATA VALIDATION STAGE STARTED===========================>]
[2025-05-18 20:30:20,933 33 root - INFO - INITIATE DATA VALIDATION]
[2025-05-18 20:30:21,044 36 root - INFO - Required number of columns 2]
[2025-05-18 20:30:21,045 37 root - INFO - Data frame has columns: 31]
[2025-05-18 20:30:21,045 36 root - INFO - Required number of columns 2]
[2025-05-18 20:30:21,045 37 root - INFO - Data frame has columns: 31]
[2025-05-18 20:30:21,238 36 root - INFO - <===========================DATA VALIDATION STAGE COMPLETED===========================>]
[2025-05-18 20:30:21,238 39 root - INFO - <===========================DATA TRANSFORMATION STAGE STARTED===========================>]
[2025-05-18 20:30:21,238 42 root - INFO - INITIATE DATA TRANFORMATION]
[2025-05-18 20:30:21,238 64 root - INFO - Entered initiate_date_transformation method of DataTransformation class]
[2025-05-18 20:30:21,239 66 root - INFO - Starting data transformation]
[2025-05-18 20:30:21,268 51 root - INFO - Entered get_data_tranformer_object method of Transformation calass]
[2025-05-18 20:30:21,268 56 root - INFO - Initialise KNNImputer with {'missing_values': nan, 'n_neighbors': 3, 'weights': 'uniform'}]
[2025-05-18 20:30:21,283 55 root - INFO - Enter the save_object method of MainUtils class]
[2025-05-18 20:30:21,288 59 root - INFO - Exited the save_object method of MainUtils class]
[2025-05-18 20:30:21,290 45 root - INFO - <===========================DATA TRANSFORMATION STAGE COMPLETED===========================>]
[2025-05-18 20:30:21,290 48 root - INFO - <===========================MODEL TRAINER STAGE STARTED===========================>]
[2025-05-18 20:38:34,659 20 root - INFO - <===========================DATA INGESTION STAGE STARTED===========================>]
[2025-05-18 20:38:34,660 24 root - INFO - INITIATED DATA INGESTION COMPONENT]
[2025-05-18 20:38:36,554 58 root - INFO - Performed train test split on the dataframe]
[2025-05-18 20:38:36,555 59 root - INFO - Exited split_data_as_Train_test method of Data_Ingestion class]
[2025-05-18 20:38:36,555 62 root - INFO - Exporting train and test file path]
[2025-05-18 20:38:36,587 69 root - INFO - Exported train and test file path]
[2025-05-18 20:38:36,588 27 root - INFO - <===========================DATA INGESTION STAGE COMPLETED===========================>]
[2025-05-18 20:38:36,588 30 root - INFO - <===========================DATA VALIDATION STAGE STARTED===========================>]
[2025-05-18 20:38:36,593 33 root - INFO - INITIATE DATA VALIDATION]
[2025-05-18 20:38:36,632 36 root - INFO - Required number of columns 2]
[2025-05-18 20:38:36,632 37 root - INFO - Data frame has columns: 31]
[2025-05-18 20:38:36,633 36 root - INFO - Required number of columns 2]
[2025-05-18 20:38:36,633 37 root - INFO - Data frame has columns: 31]
[2025-05-18 20:38:36,713 36 root - INFO - <===========================DATA VALIDATION STAGE COMPLETED===========================>]
[2025-05-18 20:38:36,713 39 root - INFO - <===========================DATA TRANSFORMATION STAGE STARTED===========================>]
[2025-05-18 20:38:36,714 42 root - INFO - INITIATE DATA TRANFORMATION]
[2025-05-18 20:38:36,714 64 root - INFO - Entered initiate_date_transformation method of DataTransformation class]
[2025-05-18 20:38:36,714 66 root - INFO - Starting data transformation]
[2025-05-18 20:38:36,729 51 root - INFO - Entered get_data_tranformer_object method of Transformation calass]
[2025-05-18 20:38:36,730 56 root - INFO - Initialise KNNImputer with {'missing_values': nan, 'n_neighbors': 3, 'weights': 'uniform'}]
[2025-05-18 20:38:36,736 55 root - INFO - Enter the save_object method of MainUtils class]
[2025-05-18 20:38:36,738 59 root - INFO - Exited the save_object method of MainUtils class]
[2025-05-18 20:38:36,738 45 root - INFO - <===========================DATA TRANSFORMATION STAGE COMPLETED===========================>]
[2025-05-18 20:38:36,738 48 root - INFO - <===========================MODEL TRAINER STAGE STARTED===========================>]
[2025-05-18 20:40:58,309 55 root - INFO - Enter the save_object method of MainUtils class]
[2025-05-18 20:40:58,315 59 root - INFO - Exited the save_object method of MainUtils class]
[2025-05-18 20:40:58,315 97 root - INFO - Model trainer artifact: ModelTrainerArtifact(trained_model_file_path='Artifacts\\05_18_2025_20_38_34\\model_trainer\\trained_model\\model.pkl', train_metric_artifact=ClassificationMetricArtifact(f1_score=0.9908833063209076, precision_score=0.9872830036334276, recall_score=0.994509963399756), test_metric_artifact=ClassificationMetricArtifact(f1_score=0.974749498997996, precision_score=0.9681528662420382, recall_score=0.9814366424535916))]
[2025-05-18 20:40:58,317 52 root - INFO - model trainer artifact created]
[2025-05-18 20:40:58,317 53 root - INFO - <===========================MODEL TRAINER STAGE COMPLETED===========================>]
