[2025-05-31 13:47:30,035 1025 httpx - INFO - HTTP Request: GET https://dagshub.com/api/v1/user "HTTP/1.1 200 OK"]
[2025-05-31 13:47:30,044 107 dagshub - INFO - Accessing as Immortal-Pi]
[2025-05-31 13:47:30,223 1025 httpx - INFO - HTTP Request: GET https://dagshub.com/api/v1/repos/Immortal-Pi/NetworkSecurity "HTTP/1.1 200 OK"]
[2025-05-31 13:47:30,328 1025 httpx - INFO - HTTP Request: GET https://dagshub.com/api/v1/user "HTTP/1.1 200 OK"]
[2025-05-31 13:47:30,332 107 dagshub - INFO - Initialized MLflow to track repo "Immortal-Pi/NetworkSecurity"]
[2025-05-31 13:47:30,335 107 dagshub - INFO - Repository Immortal-Pi/NetworkSecurity initialized!]
[2025-05-31 13:47:30,335 20 root - INFO - <===========================DATA INGESTION STAGE STARTED===========================>]
[2025-05-31 13:47:30,337 24 root - INFO - INITIATED DATA INGESTION COMPONENT]
[2025-05-31 13:47:32,677 58 root - INFO - Performed train test split on the dataframe]
[2025-05-31 13:47:32,678 59 root - INFO - Exited split_data_as_Train_test method of Data_Ingestion class]
[2025-05-31 13:47:32,678 62 root - INFO - Exporting train and test file path]
[2025-05-31 13:47:32,716 69 root - INFO - Exported train and test file path]
[2025-05-31 13:47:32,717 27 root - INFO - <===========================DATA INGESTION STAGE COMPLETED===========================>]
[2025-05-31 13:47:32,717 30 root - INFO - <===========================DATA VALIDATION STAGE STARTED===========================>]
[2025-05-31 13:47:32,747 33 root - INFO - INITIATE DATA VALIDATION]
[2025-05-31 13:47:32,807 36 root - INFO - Required number of columns 2]
[2025-05-31 13:47:32,807 37 root - INFO - Data frame has columns: 31]
[2025-05-31 13:47:32,808 36 root - INFO - Required number of columns 2]
[2025-05-31 13:47:32,808 37 root - INFO - Data frame has columns: 31]
[2025-05-31 13:47:32,919 36 root - INFO - <===========================DATA VALIDATION STAGE COMPLETED===========================>]
[2025-05-31 13:47:32,919 39 root - INFO - <===========================DATA TRANSFORMATION STAGE STARTED===========================>]
[2025-05-31 13:47:32,920 42 root - INFO - INITIATE DATA TRANFORMATION]
[2025-05-31 13:47:32,920 64 root - INFO - Entered initiate_date_transformation method of DataTransformation class]
[2025-05-31 13:47:32,920 66 root - INFO - Starting data transformation]
[2025-05-31 13:47:32,936 51 root - INFO - Entered get_data_tranformer_object method of Transformation calass]
[2025-05-31 13:47:32,936 56 root - INFO - Initialise KNNImputer with {'missing_values': nan, 'n_neighbors': 3, 'weights': 'uniform'}]
[2025-05-31 13:47:32,946 55 root - INFO - Enter the save_object method of MainUtils class]
[2025-05-31 13:47:32,948 59 root - INFO - Exited the save_object method of MainUtils class]
[2025-05-31 13:47:32,950 45 root - INFO - <===========================DATA TRANSFORMATION STAGE COMPLETED===========================>]
[2025-05-31 13:47:32,950 48 root - INFO - <===========================MODEL TRAINER STAGE STARTED===========================>]
[2025-05-31 16:19:22,879 1025 httpx - INFO - HTTP Request: GET https://dagshub.com/api/v1/user "HTTP/1.1 200 OK"]
[2025-05-31 16:19:22,886 107 dagshub - INFO - Accessing as Immortal-Pi]
[2025-05-31 16:19:23,073 1025 httpx - INFO - HTTP Request: GET https://dagshub.com/api/v1/repos/Immortal-Pi/NetworkSecurity "HTTP/1.1 200 OK"]
[2025-05-31 16:19:23,195 1025 httpx - INFO - HTTP Request: GET https://dagshub.com/api/v1/user "HTTP/1.1 200 OK"]
[2025-05-31 16:19:23,198 107 dagshub - INFO - Initialized MLflow to track repo "Immortal-Pi/NetworkSecurity"]
[2025-05-31 16:19:23,198 107 dagshub - INFO - Repository Immortal-Pi/NetworkSecurity initialized!]
[2025-05-31 16:19:23,199 20 root - INFO - <===========================DATA INGESTION STAGE STARTED===========================>]
[2025-05-31 16:19:23,199 24 root - INFO - INITIATED DATA INGESTION COMPONENT]
[2025-05-31 16:19:25,496 58 root - INFO - Performed train test split on the dataframe]
[2025-05-31 16:19:25,497 59 root - INFO - Exited split_data_as_Train_test method of Data_Ingestion class]
[2025-05-31 16:19:25,497 62 root - INFO - Exporting train and test file path]
[2025-05-31 16:19:25,543 69 root - INFO - Exported train and test file path]
[2025-05-31 16:19:25,543 27 root - INFO - <===========================DATA INGESTION STAGE COMPLETED===========================>]
[2025-05-31 16:19:25,543 30 root - INFO - <===========================DATA VALIDATION STAGE STARTED===========================>]
[2025-05-31 16:19:25,549 33 root - INFO - INITIATE DATA VALIDATION]
[2025-05-31 16:19:25,594 36 root - INFO - Required number of columns 2]
[2025-05-31 16:19:25,594 37 root - INFO - Data frame has columns: 31]
[2025-05-31 16:19:25,594 36 root - INFO - Required number of columns 2]
[2025-05-31 16:19:25,595 37 root - INFO - Data frame has columns: 31]
[2025-05-31 16:19:25,706 36 root - INFO - <===========================DATA VALIDATION STAGE COMPLETED===========================>]
[2025-05-31 16:19:25,706 39 root - INFO - <===========================DATA TRANSFORMATION STAGE STARTED===========================>]
[2025-05-31 16:19:25,706 42 root - INFO - INITIATE DATA TRANFORMATION]
[2025-05-31 16:19:25,706 64 root - INFO - Entered initiate_date_transformation method of DataTransformation class]
[2025-05-31 16:19:25,706 66 root - INFO - Starting data transformation]
[2025-05-31 16:19:25,723 51 root - INFO - Entered get_data_tranformer_object method of Transformation calass]
[2025-05-31 16:19:25,723 56 root - INFO - Initialise KNNImputer with {'missing_values': nan, 'n_neighbors': 3, 'weights': 'uniform'}]
[2025-05-31 16:19:25,734 55 root - INFO - Enter the save_object method of MainUtils class]
[2025-05-31 16:19:25,737 59 root - INFO - Exited the save_object method of MainUtils class]
[2025-05-31 16:19:25,737 55 root - INFO - Enter the save_object method of MainUtils class]
[2025-05-31 16:19:25,739 59 root - INFO - Exited the save_object method of MainUtils class]
[2025-05-31 16:19:25,740 45 root - INFO - <===========================DATA TRANSFORMATION STAGE COMPLETED===========================>]
[2025-05-31 16:19:25,740 48 root - INFO - <===========================MODEL TRAINER STAGE STARTED===========================>]
[2025-05-31 19:01:07,312 1025 httpx - INFO - HTTP Request: GET https://dagshub.com/api/v1/user "HTTP/1.1 200 OK"]
[2025-05-31 19:01:07,316 107 dagshub - INFO - Accessing as Immortal-Pi]
[2025-05-31 19:01:07,479 1025 httpx - INFO - HTTP Request: GET https://dagshub.com/api/v1/repos/Immortal-Pi/NetworkSecurity "HTTP/1.1 200 OK"]
[2025-05-31 19:01:07,649 1025 httpx - INFO - HTTP Request: GET https://dagshub.com/api/v1/user "HTTP/1.1 200 OK"]
[2025-05-31 19:01:07,651 107 dagshub - INFO - Initialized MLflow to track repo "Immortal-Pi/NetworkSecurity"]
[2025-05-31 19:01:07,651 107 dagshub - INFO - Repository Immortal-Pi/NetworkSecurity initialized!]
[2025-05-31 19:02:14,076 1025 httpx - INFO - HTTP Request: GET https://dagshub.com/api/v1/user "HTTP/1.1 200 OK"]
[2025-05-31 19:02:14,079 107 dagshub - INFO - Accessing as Immortal-Pi]
[2025-05-31 19:02:14,243 1025 httpx - INFO - HTTP Request: GET https://dagshub.com/api/v1/repos/Immortal-Pi/NetworkSecurity "HTTP/1.1 200 OK"]
[2025-05-31 19:02:14,337 1025 httpx - INFO - HTTP Request: GET https://dagshub.com/api/v1/user "HTTP/1.1 200 OK"]
[2025-05-31 19:02:14,339 107 dagshub - INFO - Initialized MLflow to track repo "Immortal-Pi/NetworkSecurity"]
[2025-05-31 19:02:14,340 107 dagshub - INFO - Repository Immortal-Pi/NetworkSecurity initialized!]
[2025-05-31 19:12:51,270 34 root - INFO - Start data Ingestion]
[2025-05-31 19:12:52,914 58 root - INFO - Performed train test split on the dataframe]
[2025-05-31 19:12:52,914 59 root - INFO - Exited split_data_as_Train_test method of Data_Ingestion class]
[2025-05-31 19:12:52,915 62 root - INFO - Exporting train and test file path]
[2025-05-31 19:12:52,960 69 root - INFO - Exported train and test file path]
[2025-05-31 19:12:52,960 37 root - INFO - Data Ingestion Completed]
[2025-05-31 19:12:52,960 45 root - INFO - Start Data Validation Config]
[2025-05-31 19:12:53,046 36 root - INFO - Required number of columns 2]
[2025-05-31 19:12:53,046 37 root - INFO - Data frame has columns: 31]
[2025-05-31 19:12:53,046 36 root - INFO - Required number of columns 2]
[2025-05-31 19:12:53,047 37 root - INFO - Data frame has columns: 31]
[2025-05-31 19:12:53,149 48 root - INFO - Data Validation Completed]
[2025-05-31 19:12:53,149 56 root - INFO - Start Data Transformation Started]
[2025-05-31 19:12:53,149 64 root - INFO - Entered initiate_date_transformation method of DataTransformation class]
[2025-05-31 19:12:53,149 66 root - INFO - Starting data transformation]
[2025-05-31 19:12:53,166 51 root - INFO - Entered get_data_tranformer_object method of Transformation calass]
[2025-05-31 19:12:53,166 56 root - INFO - Initialise KNNImputer with {'missing_values': nan, 'n_neighbors': 3, 'weights': 'uniform'}]
[2025-05-31 19:12:53,175 55 root - INFO - Enter the save_object method of MainUtils class]
[2025-05-31 19:12:53,177 59 root - INFO - Exited the save_object method of MainUtils class]
[2025-05-31 19:12:53,177 55 root - INFO - Enter the save_object method of MainUtils class]
[2025-05-31 19:12:53,178 59 root - INFO - Exited the save_object method of MainUtils class]
[2025-05-31 19:12:53,180 59 root - INFO - Data Transformation Completed]
[2025-05-31 19:12:53,180 67 root - INFO - Model Trainer Started]
[2025-05-31 20:06:18,255 1025 httpx - INFO - HTTP Request: GET https://dagshub.com/api/v1/user "HTTP/1.1 200 OK"]
[2025-05-31 20:06:18,260 107 dagshub - INFO - Accessing as Immortal-Pi]
[2025-05-31 20:06:18,434 1025 httpx - INFO - HTTP Request: GET https://dagshub.com/api/v1/repos/Immortal-Pi/NetworkSecurity "HTTP/1.1 200 OK"]
[2025-05-31 20:06:18,577 1025 httpx - INFO - HTTP Request: GET https://dagshub.com/api/v1/user "HTTP/1.1 200 OK"]
[2025-05-31 20:06:18,579 107 dagshub - INFO - Initialized MLflow to track repo "Immortal-Pi/NetworkSecurity"]
[2025-05-31 20:06:18,580 107 dagshub - INFO - Repository Immortal-Pi/NetworkSecurity initialized!]
[2025-05-31 20:06:19,040 34 root - INFO - Start data Ingestion]
[2025-05-31 20:06:20,701 58 root - INFO - Performed train test split on the dataframe]
[2025-05-31 20:06:20,701 59 root - INFO - Exited split_data_as_Train_test method of Data_Ingestion class]
[2025-05-31 20:06:20,704 62 root - INFO - Exporting train and test file path]
[2025-05-31 20:06:20,740 69 root - INFO - Exported train and test file path]
[2025-05-31 20:06:20,741 37 root - INFO - Data Ingestion Completed]
[2025-05-31 20:06:20,742 45 root - INFO - Start Data Validation Config]
[2025-05-31 20:06:20,844 36 root - INFO - Required number of columns 2]
[2025-05-31 20:06:20,844 37 root - INFO - Data frame has columns: 31]
[2025-05-31 20:06:20,844 36 root - INFO - Required number of columns 2]
[2025-05-31 20:06:20,844 37 root - INFO - Data frame has columns: 31]
[2025-05-31 20:06:20,931 48 root - INFO - Data Validation Completed]
[2025-05-31 20:06:20,931 56 root - INFO - Start Data Transformation Started]
[2025-05-31 20:06:20,931 64 root - INFO - Entered initiate_date_transformation method of DataTransformation class]
[2025-05-31 20:06:20,931 66 root - INFO - Starting data transformation]
[2025-05-31 20:06:20,947 51 root - INFO - Entered get_data_tranformer_object method of Transformation calass]
[2025-05-31 20:06:20,947 56 root - INFO - Initialise KNNImputer with {'missing_values': nan, 'n_neighbors': 3, 'weights': 'uniform'}]
[2025-05-31 20:06:20,963 55 root - INFO - Enter the save_object method of MainUtils class]
[2025-05-31 20:06:20,967 59 root - INFO - Exited the save_object method of MainUtils class]
[2025-05-31 20:06:20,967 55 root - INFO - Enter the save_object method of MainUtils class]
[2025-05-31 20:06:20,969 59 root - INFO - Exited the save_object method of MainUtils class]
[2025-05-31 20:06:20,970 59 root - INFO - Data Transformation Completed]
[2025-05-31 20:06:20,970 67 root - INFO - Model Trainer Started]
[2025-05-31 20:15:00,423 55 root - INFO - Enter the save_object method of MainUtils class]
[2025-05-31 20:15:00,450 59 root - INFO - Exited the save_object method of MainUtils class]
[2025-05-31 20:15:00,451 55 root - INFO - Enter the save_object method of MainUtils class]
[2025-05-31 20:15:00,488 59 root - INFO - Exited the save_object method of MainUtils class]
[2025-05-31 20:15:00,488 125 root - INFO - Model trainer artifact: ModelTrainerArtifact(trained_model_file_path='Artifacts\\05_31_2025_20_06_13\\model_trainer\\trained_model\\model.pkl', train_metric_artifact=ClassificationMetricArtifact(f1_score=0.9923525860334071, precision_score=0.9895645193658439, recall_score=0.9951564076690211), test_metric_artifact=ClassificationMetricArtifact(f1_score=0.9660253786328284, precision_score=0.9508460918614021, recall_score=0.9816971713810316))]
[2025-05-31 20:15:00,494 70 root - INFO - Model Trainer ended]
